<?xml version="1.0" encoding="UTF-8" standalone="yes" ?>
<test-results name="D:\PROJETOS-Brasil\AppInjectoBr\Test Delphi\Win32\Debug\PTestInjector.exe" total="9" errors="0" failures="0" ignored="0" inconclusive="0" not-run="0" skipped="0" invalid="0" date="2024-05-08" time="0.001">
  <culture-info current-culture="en" current-uiculture="en" />
  <test-suite type="Assembly" name="PTestInjector.exe" executed="true" result="Success" success="True" time="0.001" asserts="0">
    <results>
        <test-suite type="Namespace" name="UTesteInjector" executed="true" result="Success" success="True" time="0.001" asserts="0" >
          <results>
              <test-suite type="Fixture" name="TTestInjector" executed="True" result="Success" success="True" time="0.001" >
                <results>
                  <test-case name="TestInjectorSington" executed="True" result="Success" success="True" time="0.000" asserts="0" />
                  <test-case name="TestInjectorLazyLoad" executed="True" result="Success" success="True" time="0.000" asserts="0" />
                  <test-case name="TestInjectorFactory" executed="True" result="Success" success="True" time="0.000" asserts="0" />
                  <test-case name="TestInjectorInterface" executed="True" result="Success" success="True" time="0.000" asserts="0" />
                  <test-case name="TestInjectorInterfaceTag" executed="True" result="Success" success="True" time="0.000" asserts="0" />
                  <test-case name="TestInjectorInterfaceRefCountEqualOne" executed="True" result="Success" success="True" time="0.000" asserts="0" />
                  <test-case name="TestInjectorInterfaceRefCountEqualTo" executed="True" result="Success" success="True" time="0.000" asserts="0" />
                  <test-case name="TestInjectorInterfaceGetMessage" executed="True" result="Success" success="True" time="0.000" asserts="0" />
                  <test-case name="TestInjectorAutoInjectParams" executed="True" result="Success" success="True" time="0.000" asserts="0" />
                </results>
              </test-suite>
          </results>
        </test-suite>
    </results>
  </test-suite>
</test-results>
